<?xml version="1.0" encoding="UTF-8"?>
<testng-results ignored="0" total="1" passed="1" failed="0" skipped="0">
  <reporter-output>
  </reporter-output>
  <suite started-at="2023-08-07T17:08:38 IST" name="Default suite" finished-at="2023-08-07T17:08:52 IST" duration-ms="13867">
    <groups>
    </groups>
    <test started-at="2023-08-07T17:08:38 IST" name="Default test" finished-at="2023-08-07T17:08:52 IST" duration-ms="13867">
      <class name="Surumahubtest.NewarrivalsTest">
        <test-method is-config="true" signature="setup()[pri:0, instance:Surumahubtest.NewarrivalsTest@e15b7e8]" started-at="2023-08-07T17:08:38 IST" name="setup" finished-at="2023-08-07T17:08:43 IST" duration-ms="5178" status="PASS">
          <reporter-output>
          </reporter-output>
        </test-method> <!-- setup -->
        <test-method signature="search()[pri:0, instance:Surumahubtest.NewarrivalsTest@e15b7e8]" started-at="2023-08-07T17:08:43 IST" name="search" finished-at="2023-08-07T17:08:52 IST" duration-ms="8627" status="PASS">
          <reporter-output>
          </reporter-output>
        </test-method> <!-- search -->
      </class> <!-- Surumahubtest.NewarrivalsTest -->
    </test> <!-- Default test -->
  </suite> <!-- Default suite -->
</testng-results>
